C51 COMPILER V9.00   LCD_DRIVER                                                            11/04/2018 12:51:32 PAGE 1   


C51 COMPILER V9.00, COMPILATION OF MODULE LCD_DRIVER
OBJECT MODULE PLACED IN lcd_driver.OBJ
COMPILER INVOKED BY: I:\Program Files (x86)\C51\BIN\C51.EXE lcd_driver.c LARGE BROWSE DEBUG OBJECTEXTEND

line level    source

   1          #include "lcd_driver.h"
   2          
   3          void Delay(unsigned int dly)
   4          {
   5   1          unsigned int i,j;
   6   1      
   7   1          for(i=0;i<dly;i++)
   8   1              for(j=0;j<255;j++);
   9   1      }
  10          
  11          void TFT_WriteCmd(unsigned int cmd)
  12          {
  13   1              uchar cmdH, cmdL;
  14   1              cmdH = cmd >> 8;
  15   1              cmdL = cmd & 0x00FF;
  16   1              
  17   1              
  18   1              TFT_WR = 1;                       //初始化WR
  19   1              TFT_CS = 0;                       //打开片选
  20   1              
  21   1              TFT_RD = 1;           //选择写
  22   1              TFT_RS = 0;                       //选择命令
  23   1              
  24   1              
  25   1              TFT_DATAPORT = cmdH; //放置命令数据
  26   1              TFT_WR = 0;                       //写入时序
  27   1              TFT_WR = 1;
  28   1              TFT_DATAPORT = cmdL;
  29   1      
  30   1              TFT_WR = 0;                       //写入时序
  31   1              TFT_WR = 1;
  32   1      
  33   1              TFT_CS = 1;                       //关闭片选 
  34   1      }
  35          
  36          void TFT_WriteData(unsigned int dat)
  37          {
  38   1               uchar datH, datL;
  39   1              datH = dat >> 8;
  40   1              datL = dat & 0xFF;
  41   1              
  42   1              TFT_WR = 1;                       //初始化WR
  43   1              TFT_CS = 0;                       //打开片选
  44   1                      
  45   1              TFT_RD = 1;           //选择写
  46   1              TFT_RS = 1;                       //选择发送数据
  47   1              
  48   1      
  49   1              TFT_DATAPORT = datH;  //放置命令数据
  50   1              TFT_WR = 0;                       //写入时序
  51   1              TFT_WR = 1;
  52   1              TFT_DATAPORT = datL;    
  53   1      
  54   1              TFT_WR = 0;                       //写入时序
  55   1              TFT_WR = 1;
C51 COMPILER V9.00   LCD_DRIVER                                                            11/04/2018 12:51:32 PAGE 2   

  56   1              
  57   1              TFT_CS = 1;                       //关闭片选
  58   1      }        
  59          void WriteData(uint i)
  60          {
  61   1              TFT_WR = 1;                       //初始化WR
  62   1              TFT_CS = 0;                       //打开片选
  63   1              
  64   1              TFT_RD = 1;           //选择写
  65   1              TFT_RS = 1;                       //选择发送数据
  66   1              
  67   1              TFT_DATAPORT = i;
  68   1       
  69   1              TFT_WR = 0;                       //写入时序
  70   1              TFT_WR = 1;
  71   1              
  72   1              TFT_CS = 1;                       //关闭片选    
  73   1      }
  74          
  75          void WriteComm(uint i)
  76          {
  77   1              TFT_WR = 1;                       //初始化WR
  78   1              TFT_CS = 0;                       //打开片选
  79   1              
  80   1              TFT_RD = 1;           //选择写
  81   1              TFT_RS = 0;                       //选择发送数据
  82   1              
  83   1              TFT_DATAPORT = i;
  84   1       
  85   1              TFT_WR = 0;                       //写入时序
  86   1              TFT_WR = 1;
  87   1              
  88   1              TFT_CS = 1;                       //关闭片选    
  89   1      }
  90                   
  91          void TFT_Init(void)
  92          {
  93   1              TFT_RST = 1;
  94   1              Delay(100);
  95   1              TFT_RST = 0;
  96   1              Delay(800);
  97   1              TFT_RST = 1;
  98   1              Delay(800);
  99   1              
 100   1              TFT_CS = 0;
 101   1      
 102   1              //************* Start Initial Sequence **********//     
 103   1              WriteComm(0xCB);  
 104   1              WriteData(0x39); 
 105   1              WriteData(0x2C); 
 106   1              WriteData(0x00); 
 107   1              WriteData(0x34);  
 108   1              WriteData(0x02);   
 109   1               
 110   1              WriteComm(0xCF);  
 111   1              WriteData (0x00); 
 112   1              WriteData (0xa2); //c1
 113   1              WriteData (0Xf0);  //30
 114   1               
 115   1              WriteComm(0xE8);  
 116   1              WriteData (0x84);        //85
 117   1              WriteData (0x11);        //00
C51 COMPILER V9.00   LCD_DRIVER                                                            11/04/2018 12:51:32 PAGE 3   

 118   1              WriteData (0x7a);        //79
 119   1              
 120   1              
 121   1              WriteComm(0xEA);  
 122   1              WriteData (0x66);  //00
 123   1              WriteData (0x00); 
 124   1              
 125   1              WriteComm(0xED);  
 126   1              WriteData (0x55);       //64
 127   1              WriteData (0x01);       //03
 128   1              WriteData (0X23);       //12
 129   1              WriteData (0X01);       //81
 130   1               
 131   1              WriteComm(0xF7);  
 132   1              WriteData (0x20);       //20
 133   1              
 134   1              
 135   1              WriteComm(0xC0);    //Power control 
 136   1              WriteData (0x1c);   //VRH[5:0]  //1c
 137   1               
 138   1              WriteComm(0xC1);    //Power control 
 139   1              WriteData (0x13);   //SAP[2:0];BT[3:0]  //13
 140   1               
 141   1              WriteComm(0xC5);    //VCM control 
 142   1              WriteData (0x23); 
 143   1              WriteData (0x3F); 
 144   1               
 145   1              WriteComm(0xC7);    //VCM control2 
 146   1              WriteData(0xA5); 
 147   1              
 148   1              WriteComm(0xB1);  
 149   1              WriteData (0x00); 
 150   1              WriteData (0x17); 
 151   1              
 152   1              WriteComm(0x3A);  
 153   1              WriteData (0x55); 
 154   1              
 155   1              WriteComm(0xB6);  
 156   1              WriteData (0x0A);
 157   1              WriteData (0xa2);  //a2  SS显示方向
 158   1              WriteData (0x27);
 159   1              WriteData (0x00); 
 160   1               
 161   1              WriteComm(0x36);    // Memory Access Control 
 162   1              WriteData (0x08);         //08  BGR
 163   1               
 164   1              WriteComm(0xF2);    // 3Gamma Function Disable 
 165   1              WriteData (0x02);       //00
 166   1               
 167   1              WriteComm(0x26);    //Gamma curve selected 
 168   1              WriteData (0x01); 
 169   1               
 170   1              WriteComm(0xE0);    //Set Gamma 
 171   1              WriteData (0x0F); 
 172   1              WriteData (0x14); 
 173   1              WriteData (0x13); 
 174   1              WriteData (0x0C); 
 175   1              WriteData (0x0E); 
 176   1              WriteData (0x05); 
 177   1              WriteData (0x45); 
 178   1              WriteData (0x85); 
 179   1              WriteData (0x36); 
C51 COMPILER V9.00   LCD_DRIVER                                                            11/04/2018 12:51:32 PAGE 4   

 180   1              WriteData (0x09); 
 181   1              WriteData (0x14); 
 182   1              WriteData (0x05); 
 183   1              WriteData (0x09); 
 184   1              WriteData (0x03); 
 185   1              WriteData (0x00); 
 186   1               
 187   1              WriteComm(0XE1);    //Set Gamma 
 188   1              WriteData (0x00); 
 189   1              WriteData (0x24); 
 190   1              WriteData (0x26); 
 191   1              WriteData (0x03); 
 192   1              WriteData (0x0F); 
 193   1              WriteData (0x04); 
 194   1              WriteData (0x3F); 
 195   1              WriteData (0x14); 
 196   1              WriteData (0x52); 
 197   1              WriteData (0x04); 
 198   1              WriteData (0x10); 
 199   1              WriteData (0x0E); 
 200   1              WriteData (0x38); 
 201   1              WriteData (0x39); 
 202   1              WriteData (0x0F); 
 203   1      
 204   1              WriteComm(0x2A );
 205   1              WriteData(0x00);
 206   1              WriteData(0x00);
 207   1              WriteData(0x00);
 208   1              WriteData(0xEF);
 209   1      
 210   1              WriteComm(0x2B );
 211   1              WriteData(0x00);
 212   1              WriteData(0x00);
 213   1              WriteData(0x01);
 214   1              WriteData(0x3F);
 215   1               
 216   1              WriteComm(0x11);    //Exit Sleep 
 217   1              Delay(120); 
 218   1              
 219   1              WriteComm(0x29);    //Display on
 220   1              
 221   1      }
 222          
 223          void TFT_SetWindow(unsigned int xStart,unsigned int yStart,unsigned int xEnd,unsigned int yEnd)
 224          {
 225   1              WriteComm(0x2A);
 226   1              TFT_WriteData(xStart);
 227   1              TFT_WriteData(xEnd);
 228   1         
 229   1          WriteComm(0x2b);
 230   1              TFT_WriteData(yStart);
 231   1              TFT_WriteData(yEnd);
 232   1      
 233   1              TFT_WriteCmd(0x2c);
 234   1      }
 235          
 236          
 237          void TFT_ClearScreen(unsigned int color)
 238          {
 239   1              unsigned int i,j;
 240   1      
 241   1              TFT_SetWindow(0,0,TFT_XMAX-1,TFT_YMAX-1);
C51 COMPILER V9.00   LCD_DRIVER                                                            11/04/2018 12:51:32 PAGE 5   

 242   1              for(i=0;i<TFT_XMAX;i++)
 243   1              {
 244   2                  for(j=0;j<TFT_YMAX;j++)
 245   2                      { 
 246   3                              TFT_WriteData(color);
 247   3                      }
 248   2              }
 249   1      }        


MODULE INFORMATION:   STATIC OVERLAYABLE
   CODE SIZE        =    745    ----
   CONSTANT SIZE    =   ----    ----
   XDATA SIZE       =   ----      12
   PDATA SIZE       =   ----    ----
   DATA SIZE        =   ----    ----
   IDATA SIZE       =   ----    ----
   BIT SIZE         =   ----    ----
END OF MODULE INFORMATION.


C51 COMPILATION COMPLETE.  0 WARNING(S),  0 ERROR(S)
